<?xml version="1.0" encoding="UTF-8"?>
<testng-results ignored="0" total="10" passed="10" failed="0" skipped="0">
  <reporter-output>
  </reporter-output>
  <suite started-at="2024-12-29T15:07:16 IST" name="Surefire suite" finished-at="2024-12-29T15:08:26 IST" duration-ms="70265">
    <groups>
      <group name="cucumber">
        <method signature="AbstractTestNGCucumberTests.runScenario(io.cucumber.testng.PickleWrapper,io.cucumber.testng.FeatureWrapper)[pri:0, instance:com.automation.testrunner.TestRunner@6328d34a]" name="runScenario" class="io.cucumber.testng.AbstractTestNGCucumberTests"/>
      </group> <!-- cucumber -->
    </groups>
    <test started-at="2024-12-29T15:07:16 IST" name="Surefire test" finished-at="2024-12-29T15:08:26 IST" duration-ms="70265">
      <class name="com.automation.testrunner.TestRunner">
        <test-method is-config="true" signature="setUpClass(org.testng.ITestContext)[pri:0, instance:com.automation.testrunner.TestRunner@6328d34a]" started-at="2024-12-29T15:07:16 IST" name="setUpClass" finished-at="2024-12-29T15:07:16 IST" duration-ms="332" status="PASS">
          <params>
            <param index="0">
              <value>
                <![CDATA[org.testng.TestRunner@4b87074a]]>
              </value>
            </param>
          </params>
          <reporter-output>
          </reporter-output>
        </test-method> <!-- setUpClass -->
        <test-method signature="runScenario(io.cucumber.testng.PickleWrapper,io.cucumber.testng.FeatureWrapper)[pri:0, instance:com.automation.testrunner.TestRunner@6328d34a]" started-at="2024-12-29T15:07:16 IST" name="runScenario" description="Runs Cucumber Scenarios" data-provider="scenarios" finished-at="2024-12-29T15:07:25 IST" duration-ms="8698" status="PASS">
          <params>
            <param index="0">
              <value>
                <![CDATA["Create an account and sign in"]]>
              </value>
            </param>
            <param index="1">
              <value>
                <![CDATA["Account Signup"]]>
              </value>
            </param>
          </params>
          <reporter-output>
          </reporter-output>
        </test-method> <!-- runScenario -->
        <test-method signature="runScenario(io.cucumber.testng.PickleWrapper,io.cucumber.testng.FeatureWrapper)[pri:0, instance:com.automation.testrunner.TestRunner@6328d34a]" started-at="2024-12-29T15:07:25 IST" name="runScenario" description="Runs Cucumber Scenarios" data-provider="scenarios" finished-at="2024-12-29T15:07:34 IST" duration-ms="9475" status="PASS">
          <params>
            <param index="0">
              <value>
                <![CDATA["Login with the same credentials"]]>
              </value>
            </param>
            <param index="1">
              <value>
                <![CDATA["Account Signup"]]>
              </value>
            </param>
          </params>
          <reporter-output>
          </reporter-output>
        </test-method> <!-- runScenario -->
        <test-method signature="runScenario(io.cucumber.testng.PickleWrapper,io.cucumber.testng.FeatureWrapper)[pri:0, instance:com.automation.testrunner.TestRunner@6328d34a]" started-at="2024-12-29T15:07:34 IST" name="runScenario" description="Runs Cucumber Scenarios" data-provider="scenarios" finished-at="2024-12-29T15:07:39 IST" duration-ms="4900" status="PASS">
          <params>
            <param index="0">
              <value>
                <![CDATA["Fail to create an account due to invalid email"]]>
              </value>
            </param>
            <param index="1">
              <value>
                <![CDATA["Account Signup"]]>
              </value>
            </param>
          </params>
          <reporter-output>
          </reporter-output>
        </test-method> <!-- runScenario -->
        <test-method signature="runScenario(io.cucumber.testng.PickleWrapper,io.cucumber.testng.FeatureWrapper)[pri:0, instance:com.automation.testrunner.TestRunner@6328d34a]" started-at="2024-12-29T15:07:39 IST" name="runScenario" description="Runs Cucumber Scenarios" data-provider="scenarios" finished-at="2024-12-29T15:07:46 IST" duration-ms="7155" status="PASS">
          <params>
            <param index="0">
              <value>
                <![CDATA["Fail to create an account due to weak password"]]>
              </value>
            </param>
            <param index="1">
              <value>
                <![CDATA["Account Signup"]]>
              </value>
            </param>
          </params>
          <reporter-output>
          </reporter-output>
        </test-method> <!-- runScenario -->
        <test-method signature="runScenario(io.cucumber.testng.PickleWrapper,io.cucumber.testng.FeatureWrapper)[pri:0, instance:com.automation.testrunner.TestRunner@6328d34a]" started-at="2024-12-29T15:07:46 IST" name="runScenario" description="Runs Cucumber Scenarios" data-provider="scenarios" finished-at="2024-12-29T15:07:54 IST" duration-ms="7384" status="PASS">
          <params>
            <param index="0">
              <value>
                <![CDATA["Fail to create an account with an already registered email"]]>
              </value>
            </param>
            <param index="1">
              <value>
                <![CDATA["Account Signup"]]>
              </value>
            </param>
          </params>
          <reporter-output>
          </reporter-output>
        </test-method> <!-- runScenario -->
        <test-method signature="runScenario(io.cucumber.testng.PickleWrapper,io.cucumber.testng.FeatureWrapper)[pri:0, instance:com.automation.testrunner.TestRunner@6328d34a]" started-at="2024-12-29T15:07:54 IST" name="runScenario" description="Runs Cucumber Scenarios" data-provider="scenarios" finished-at="2024-12-29T15:08:01 IST" duration-ms="6840" status="PASS">
          <params>
            <param index="0">
              <value>
                <![CDATA["Successful login with valid credentials"]]>
              </value>
            </param>
            <param index="1">
              <value>
                <![CDATA["User Login"]]>
              </value>
            </param>
          </params>
          <reporter-output>
          </reporter-output>
        </test-method> <!-- runScenario -->
        <test-method signature="runScenario(io.cucumber.testng.PickleWrapper,io.cucumber.testng.FeatureWrapper)[pri:0, instance:com.automation.testrunner.TestRunner@6328d34a]" started-at="2024-12-29T15:08:01 IST" name="runScenario" description="Runs Cucumber Scenarios" data-provider="scenarios" finished-at="2024-12-29T15:08:07 IST" duration-ms="6178" status="PASS">
          <params>
            <param index="0">
              <value>
                <![CDATA["Unsuccessful login with invalid credentials"]]>
              </value>
            </param>
            <param index="1">
              <value>
                <![CDATA["User Login"]]>
              </value>
            </param>
          </params>
          <reporter-output>
          </reporter-output>
        </test-method> <!-- runScenario -->
        <test-method signature="runScenario(io.cucumber.testng.PickleWrapper,io.cucumber.testng.FeatureWrapper)[pri:0, instance:com.automation.testrunner.TestRunner@6328d34a]" started-at="2024-12-29T15:08:07 IST" name="runScenario" description="Runs Cucumber Scenarios" data-provider="scenarios" finished-at="2024-12-29T15:08:13 IST" duration-ms="5988" status="PASS">
          <params>
            <param index="0">
              <value>
                <![CDATA["Unsuccessful login with blank fields"]]>
              </value>
            </param>
            <param index="1">
              <value>
                <![CDATA["User Login"]]>
              </value>
            </param>
          </params>
          <reporter-output>
          </reporter-output>
        </test-method> <!-- runScenario -->
        <test-method signature="runScenario(io.cucumber.testng.PickleWrapper,io.cucumber.testng.FeatureWrapper)[pri:0, instance:com.automation.testrunner.TestRunner@6328d34a]" started-at="2024-12-29T15:08:13 IST" name="runScenario" description="Runs Cucumber Scenarios" data-provider="scenarios" finished-at="2024-12-29T15:08:19 IST" duration-ms="6475" status="PASS">
          <params>
            <param index="0">
              <value>
                <![CDATA["Unsuccessful login with empty password"]]>
              </value>
            </param>
            <param index="1">
              <value>
                <![CDATA["User Login"]]>
              </value>
            </param>
          </params>
          <reporter-output>
          </reporter-output>
        </test-method> <!-- runScenario -->
        <test-method signature="runScenario(io.cucumber.testng.PickleWrapper,io.cucumber.testng.FeatureWrapper)[pri:0, instance:com.automation.testrunner.TestRunner@6328d34a]" started-at="2024-12-29T15:08:19 IST" name="runScenario" description="Runs Cucumber Scenarios" data-provider="scenarios" finished-at="2024-12-29T15:08:26 IST" duration-ms="6778" status="PASS">
          <params>
            <param index="0">
              <value>
                <![CDATA["Unsuccessful login with empty email"]]>
              </value>
            </param>
            <param index="1">
              <value>
                <![CDATA["User Login"]]>
              </value>
            </param>
          </params>
          <reporter-output>
          </reporter-output>
        </test-method> <!-- runScenario -->
        <test-method is-config="true" signature="tearDownClass()[pri:0, instance:com.automation.testrunner.TestRunner@6328d34a]" started-at="2024-12-29T15:08:26 IST" name="tearDownClass" finished-at="2024-12-29T15:08:26 IST" duration-ms="26" status="PASS">
          <reporter-output>
          </reporter-output>
        </test-method> <!-- tearDownClass -->
      </class> <!-- com.automation.testrunner.TestRunner -->
    </test> <!-- Surefire test -->
  </suite> <!-- Surefire suite -->
</testng-results>
